<?xml version="1.0" encoding="UTF-8"?>
<coverage generated="1746634063858" clover="3.2.0">
  <project timestamp="1746634063858" name="All files">
    <metrics statements="14" coveredstatements="14" conditionals="6" coveredconditionals="6" methods="1" coveredmethods="1" elements="21" coveredelements="21" complexity="0" loc="14" ncloc="14" packages="1" files="1" classes="1"/>
    <file name="transformStateWithClones.js" path="D:\Project\JS\js_stateful-clones\src\transformStateWithClones.js">
      <metrics statements="14" coveredstatements="14" conditionals="6" coveredconditionals="6" methods="1" coveredmethods="1"/>
      <line num="10" count="12" type="stmt"/>
      <line num="11" count="12" type="stmt"/>
      <line num="13" count="12" type="stmt"/>
      <line num="14" count="21" type="cond" truecount="2" falsecount="0"/>
      <line num="15" count="8" type="stmt"/>
      <line num="18" count="21" type="cond" truecount="2" falsecount="0"/>
      <line num="19" count="7" type="stmt"/>
      <line num="20" count="11" type="stmt"/>
      <line num="21" count="11" type="stmt"/>
      <line num="25" count="21" type="cond" truecount="2" falsecount="0"/>
      <line num="26" count="6" type="stmt"/>
      <line num="29" count="21" type="stmt"/>
      <line num="32" count="12" type="stmt"/>
      <line num="35" count="1" type="stmt"/>
    </file>
  </project>
</coverage>
