{"D:\\Project\\JS\\js_stateful-clones\\src\\transformStateWithClones.js": {"path":"D:\\Project\\JS\\js_stateful-clones\\src\\transformStateWithClones.js","statementMap":{"0":{"start":{"line":10,"column":20},"end":{"line":10,"column":22}},"1":{"start":{"line":11,"column":17},"end":{"line":11,"column":29}},"2":{"start":{"line":13,"column":2},"end":{"line":30,"column":3}},"3":{"start":{"line":14,"column":4},"end":{"line":16,"column":5}},"4":{"start":{"line":15,"column":6},"end":{"line":15,"column":53}},"5":{"start":{"line":18,"column":4},"end":{"line":23,"column":5}},"6":{"start":{"line":19,"column":6},"end":{"line":22,"column":7}},"7":{"start":{"line":20,"column":8},"end":{"line":20,"column":35}},"8":{"start":{"line":21,"column":8},"end":{"line":21,"column":29}},"9":{"start":{"line":25,"column":4},"end":{"line":27,"column":5}},"10":{"start":{"line":26,"column":6},"end":{"line":26,"column":20}},"11":{"start":{"line":29,"column":4},"end":{"line":29,"column":34}},"12":{"start":{"line":32,"column":2},"end":{"line":32,"column":19}},"13":{"start":{"line":35,"column":0},"end":{"line":35,"column":42}}},"fnMap":{"0":{"name":"transformStateWithClones","decl":{"start":{"line":9,"column":9},"end":{"line":9,"column":33}},"loc":{"start":{"line":9,"column":50},"end":{"line":33,"column":1}},"line":9}},"branchMap":{"0":{"loc":{"start":{"line":14,"column":4},"end":{"line":16,"column":5}},"type":"if","locations":[{"start":{"line":14,"column":4},"end":{"line":16,"column":5}},{"start":{},"end":{}}],"line":14},"1":{"loc":{"start":{"line":18,"column":4},"end":{"line":23,"column":5}},"type":"if","locations":[{"start":{"line":18,"column":4},"end":{"line":23,"column":5}},{"start":{},"end":{}}],"line":18},"2":{"loc":{"start":{"line":25,"column":4},"end":{"line":27,"column":5}},"type":"if","locations":[{"start":{"line":25,"column":4},"end":{"line":27,"column":5}},{"start":{},"end":{}}],"line":25}},"s":{"0":12,"1":12,"2":12,"3":21,"4":8,"5":21,"6":7,"7":11,"8":11,"9":21,"10":6,"11":21,"12":12,"13":1},"f":{"0":12},"b":{"0":[8,13],"1":[7,14],"2":[6,15]},"_coverageSchema":"1a1c01bbd47fc00a2c39e90264f33305004495a9","hash":"17eb6fffd3d0d9b7ab6f2e684fa381c63eaf6a07"}
}
